### 🚨 High Severity Issue
```
File: ./hamgr/hamgr/common/key_helper.py
Line: 52
Severity: HIGH
Confidence: HIGH
Issue: subprocess call with shell=True identified, security issue.
```

### 🚨 High Severity Issue
```
File: ./hamgr/hamgr/providers/cinder.py
Line: 339
Severity: HIGH
Confidence: HIGH
Issue: subprocess call with shell=True identified, security issue.
```

### 🚨 High Severity Issue
```
File: ./host/ha/hostapp/manager.py
Line: 240
Severity: HIGH
Confidence: HIGH
Issue: subprocess call with shell=True identified, security issue.
```

### 🚨 High Severity Issue
```
File: ./host/ha/tests/test_manager.py
Line: 182
Severity: HIGH
Confidence: HIGH
Issue: Starting a process with a shell, possible injection detected, security issue.
```

### 🚨 High Severity Issue
```
File: ./host/ha/tests/test_manager.py
Line: 184
Severity: HIGH
Confidence: HIGH
Issue: Starting a process with a shell, possible injection detected, security issue.
```

